<?xml version="1.0" encoding="UTF-8"?>
<!-- Generated by org.testng.reporters.JUnitXMLReporter -->
<testsuite ignored="0" hostname="DESKTOP-3O9T5AI" failures="1" tests="7" name="Test" time="273.393" errors="0" timestamp="2023-02-15T09:18:38 IST">
  <testcase classname="vtiger.Organizations.Tests.CreateMultipleOrganizationTest" name="createMultiOrgTest" time="35.824"/>
  <testcase classname="vtiger.Organizations.Tests.CreateMultipleOrganizationTest" name="createMultiOrgTest" time="30.868"/>
  <testcase classname="vtiger.Organizations.Tests.CreateMultipleOrganizationTest" name="createMultiOrgTest" time="35.895"/>
  <testcase classname="vtiger.Organizations.Tests.CreateMultipleOrganizationTest" name="createMultiOrgTest" time="40.378">
    <failure type="org.openqa.selenium.NoSuchElementException" message="Cannot locate option with value: consulting
For documentation on this error, please visit: https://www.seleniumhq.org/exceptions/no_such_element.html
Build info: version: &amp;apos;3.141.59&amp;apos;, revision: &amp;apos;e82be7d358&amp;apos;, time: &amp;apos;2018-11-14T08:17:03&amp;apos;
System info: host: &amp;apos;DESKTOP-3O9T5AI&amp;apos;, ip: &amp;apos;192.168.16.110&amp;apos;, os.name: &amp;apos;Windows 10&amp;apos;, os.arch: &amp;apos;amd64&amp;apos;, os.version: &amp;apos;10.0&amp;apos;, java.version: &amp;apos;17.0.3&amp;apos;
Driver info: driver.version: unknown">
      <![CDATA[org.openqa.selenium.NoSuchElementException: Cannot locate option with value: consulting
For documentation on this error, please visit: https://www.seleniumhq.org/exceptions/no_such_element.html
Build info: version: '3.141.59', revision: 'e82be7d358', time: '2018-11-14T08:17:03'
System info: host: 'DESKTOP-3O9T5AI', ip: '192.168.16.110', os.name: 'Windows 10', os.arch: 'amd64', os.version: '10.0', java.version: '17.0.3'
Driver info: driver.version: unknown
at org.openqa.selenium.support.ui.Select.findOptionsByValue(Select.java:283)
at org.openqa.selenium.support.ui.Select.selectByValue(Select.java:186)
at vtigerGenericUtilitu.WebDriverUtilities.handleDropDown(WebDriverUtilities.java:124)
at vtiger.ObjectRepository.CreateNewOrgPage.createNewOrg(CreateNewOrgPage.java:71)
at vtiger.Organizations.Tests.CreateMultipleOrganizationTest.createMultiOrgTest(CreateMultipleOrganizationTest.java:87)
at java.base/java.util.ArrayList.forEach(ArrayList.java:1511)
... Removed 27 stack frames]]>
    </failure>
  </testcase> <!-- createMultiOrgTest -->
  <testcase classname="vtiger.Organizations.Tests.CreateMultipleOrganizationTest" name="createMultiOrgTest" time="37.631"/>
  <testcase classname="vtiger.Organizations.Tests.CreatOrgWithInddustry" name="CreatOrgWithIndustryTest" time="42.439"/>
  <testcase classname="vtiger.Organizations.Tests.CreateOrganizationTest" name="CreateOrgTest" time="48.641"/>
</testsuite> <!-- Test -->
